This is pdfTeX, Version 3.141592653-2.6-1.40.25 (TeX Live 2023) (preloaded format=pdflatex 2023.5.4)  15 MAY 2023 12:59
entering extended mode
 \write18 enabled.
 file:line:error style messages enabled.
 %&-line parsing enabled.
**"c:/Users/Stasiu Wolanski/Projects/Part3Report/Timetable/timetable.tex"
(c:/Users/Stasiu Wolanski/Projects/Part3Report/Timetable/timetable.tex
LaTeX2e <2022-11-01> patch level 1
L3 programming layer <2023-04-20> (c:/Users/Stasiu Wolanski/AppData/Roaming/TinyTeX/texmf-dist/tex/latex/base/article.cls
Document Class: article 2022/07/02 v1.4n Standard LaTeX document class
(c:/Users/Stasiu Wolanski/AppData/Roaming/TinyTeX/texmf-dist/tex/latex/base/size10.clo
File: size10.clo 2022/07/02 v1.4n Standard LaTeX file (size option)
)
\c@part=\count185
\c@section=\count186
\c@subsection=\count187
\c@subsubsection=\count188
\c@paragraph=\count189
\c@subparagraph=\count190
\c@figure=\count191
\c@table=\count192
\abovecaptionskip=\skip48
\belowcaptionskip=\skip49
\bibindent=\dimen140
) (c:/Users/Stasiu Wolanski/AppData/Roaming/TinyTeX/texmf-dist/tex/latex/l3backend/l3backend-pdftex.def
File: l3backend-pdftex.def 2023-04-19 L3 backend support: PDF output (pdfTeX)
\l__color_backend_stack_int=\count193
\l__pdf_internal_box=\box51
) (./timetable.aux)
\openout1 = `timetable.aux'.

LaTeX Font Info:    Checking defaults for OML/cmm/m/it on input line 2.
LaTeX Font Info:    ... okay on input line 2.
LaTeX Font Info:    Checking defaults for OMS/cmsy/m/n on input line 2.
LaTeX Font Info:    ... okay on input line 2.
LaTeX Font Info:    Checking defaults for OT1/cmr/m/n on input line 2.
LaTeX Font Info:    ... okay on input line 2.
LaTeX Font Info:    Checking defaults for T1/cmr/m/n on input line 2.
LaTeX Font Info:    ... okay on input line 2.
LaTeX Font Info:    Checking defaults for TS1/cmr/m/n on input line 2.
LaTeX Font Info:    ... okay on input line 2.
LaTeX Font Info:    Checking defaults for OMX/cmex/m/n on input line 2.
LaTeX Font Info:    ... okay on input line 2.
LaTeX Font Info:    Checking defaults for U/cmr/m/n on input line 2.
LaTeX Font Info:    ... okay on input line 2.
LaTeX Font Info:    External font `cmex10' loaded for size
(Font)              <7> on input line 8.
LaTeX Font Info:    External font `cmex10' loaded for size
(Font)              <5> on input line 8.

Underfull \hbox (badness 3098) in paragraph at lines 14--14
[]\OT1/cmr/m/n/10 7/11/2022 -
 []


Overfull \hbox (20.43306pt too wide) in paragraph at lines 8--25
 [][] 
 []


LaTeX Warning: Float too large for page by 69.19992pt on input line 25.


Underfull \hbox (badness 3098) in paragraph at lines 30--30
[]\OT1/cmr/m/n/10 6/02/2023 -
 []


Underfull \hbox (badness 3098) in paragraph at lines 31--31
[]\OT1/cmr/m/n/10 8/02/2023 -
 []


Overfull \hbox (20.43306pt too wide) in paragraph at lines 28--38
 [][] 
 []


LaTeX Warning: Float too large for page by 40.79996pt on input line 38.


Underfull \hbox (badness 3098) in paragraph at lines 44--44
[]\OT1/cmr/m/n/10 5/03/2023 -
 []


Overfull \hbox (20.43306pt too wide) in paragraph at lines 41--50
 [][] 
 []


Underfull \hbox (badness 10000) in paragraph at lines 55--55
[]\OT1/cmr/m/n/10 27/04/2023-
 []


Underfull \hbox (badness 10000) in paragraph at lines 57--57
[]\OT1/cmr/m/n/10 3/05/2023-
 []


Underfull \hbox (badness 1859) in paragraph at lines 57--58
[]\OT1/cmr/m/n/10 Writing up. De-cided on re-struc-tur-ing with Nor-mann on
 []


Overfull \hbox (20.43306pt too wide) in paragraph at lines 53--61
 [][] 
 []

[1

{c:/Users/Stasiu Wolanski/AppData/Roaming/TinyTeX/texmf-var/fonts/map/pdftex/updmap/pdftex.map}] [2] [3] [4] [5] (./timetable.aux) ) 
Here is how much of TeX's memory you used:
 430 strings out of 477961
 8629 string characters out of 5836431
 1877068 words of memory out of 5000000
 20732 multiletter control sequences out of 15000+600000
 512941 words of font info for 34 fonts, out of 8000000 for 9000
 14 hyphenation exceptions out of 8191
 34i,11n,38p,1042b,266s stack positions out of 10000i,1000n,20000p,200000b,200000s
<c:/Users/Stasiu Wolanski/AppData/Roaming/TinyTeX/texmf-dist/fonts/type1/public/amsfonts/cm/cmbx10.pfb><c:/Users/Stasiu Wolanski/AppData/Roaming/TinyTeX/texmf-dist/fonts/type1/public/amsfonts/cm/cmr10.pfb><c:/Users/Stasiu Wolanski/AppData/Roaming/TinyTeX/texmf-dist/fonts/type1/public/amsfonts/cm/cmti10.pfb>
Output written on timetable.pdf (5 pages, 61126 bytes).
PDF statistics:
 35 PDF objects out of 1000 (max. 8388607)
 21 compressed objects within 1 object stream
 0 named destinations out of 1000 (max. 500000)
 1 words of extra memory for PDF output out of 10000 (max. 10000000)

